<!DOCTYPE html PUBLIC "-//W3C//DTD XHTML 1.1//EN" "http://www.w3.org/TR/xhtml11/DTD/xhtml11.dtd">
<html xmlns="http://www.w3.org/1999/xhtml">
<head>
<meta http-equiv="content-type" content="text/html; charset=UTF-8"/>
<title>TestNG Report</title>
<style type="text/css">table {margin-bottom:10px;border-collapse:collapse;empty-cells:show}th,td {border:1px solid #009;padding:.25em .5em}th {vertical-align:bottom}td {vertical-align:top}table a {font-weight:bold}.stripe td {background-color: #E6EBF9}.num {text-align:right}.passedodd td {background-color: #3F3}.passedeven td {background-color: #0A0}.skippedodd td {background-color: #DDD}.skippedeven td {background-color: #CCC}.failedodd td,.attn {background-color: #F33}.failedeven td,.stripe .attn {background-color: #D00}.stacktrace {white-space:pre;font-family:monospace}.totop {font-size:85%;text-align:center;border-bottom:2px solid #000}.invisible {display:none}</style>
</head>
<body>
<table>
<tr><th>Test</th><th># Passed</th><th># Skipped</th><th># Failed</th><th>Time (ms)</th><th>Included Groups</th><th>Excluded Groups</th></tr>
<tr><th colspan="7">Suite</th></tr>
<tr><td><a href="#t0">Enter Data in TextBox at HomePage Test</a></td><td class="num">1</td><td class="num">0</td><td class="num attn">3</td><td class="num">31,414</td><td></td><td></td></tr>
<tr class="stripe"><td><a href="#t1">New User Registration Test</a></td><td class="num">0</td><td class="num">0</td><td class="num attn">1</td><td class="num">23,473</td><td></td><td></td></tr>
<tr><td><a href="#t2">New User Registratered successfully Test </a></td><td class="num">0</td><td class="num">0</td><td class="num attn">1</td><td class="num">5,320</td><td></td><td></td></tr>
<tr class="stripe"><td><a href="#t3">Display Popup window Test </a></td><td class="num">0</td><td class="num">0</td><td class="num attn">1</td><td class="num">5,127</td><td></td><td></td></tr>
<tr><td><a href="#t4">Display Toast Message Test </a></td><td class="num">0</td><td class="num">0</td><td class="num attn">1</td><td class="num">5,379</td><td></td><td></td></tr>
<tr><th>Total</th><th class="num">1</th><th class="num">0</th><th class="num attn">7</th><th class="num">70,713</th><th colspan="2"></th></tr>
</table>
<table id='summary'><thead><tr><th>Class</th><th>Method</th><th>Start</th><th>Time (ms)</th></tr></thead><tbody><tr><th colspan="4">Suite</th></tr></tbody><tbody id="t0"><tr><th colspan="4">Enter Data in TextBox at HomePage Test &#8212; failed</th></tr><tr class="failedeven"><td rowspan="3">testcases.EnterDataInTextBoxHomePageTest</td><td><a href="#m0">enterDataInTextBoxATHomePage</a></td><td rowspan="3">1557107851378</td><td rowspan="3">5261</td></tr><tr class="failedeven"><td><a href="#m1">enterDataInTextBoxATHomePage</a></td></tr><tr class="failedeven"><td><a href="#m2">enterDataInTextBoxATHomePage</a></td></tr><tr><th colspan="4">Enter Data in TextBox at HomePage Test &#8212; passed</th></tr><tr class="passedeven"><td rowspan="1">testcases.EnterDataInTextBoxHomePageTest</td><td><a href="#m3">enterDataInTextBoxATHomePage</a></td><td rowspan="1">1557107835833</td><td rowspan="1">15539</td></tr></tbody>
<tbody id="t1"><tr><th colspan="4">New User Registration Test &#8212; failed</th></tr><tr class="failedeven"><td rowspan="1">testcases.NewUserRegistrationTest</td><td><a href="#m4">newUsrReg</a></td><td rowspan="1">1557107867290</td><td rowspan="1">23459</td></tr></tbody>
<tbody id="t2"><tr><th colspan="4">New User Registratered successfully Test  &#8212; failed</th></tr><tr class="failedeven"><td rowspan="1">testcases.RegisterConfirmedTest</td><td><a href="#m5">regConfirm</a></td><td rowspan="1">1557107890840</td><td rowspan="1">5305</td></tr></tbody>
<tbody id="t3"><tr><th colspan="4">Display Popup window Test  &#8212; failed</th></tr><tr class="failedeven"><td rowspan="1">testcases.DisplayPopupTest</td><td><a href="#m6">clicks_on_Display_Popup_button</a></td><td rowspan="1">1557107896282</td><td rowspan="1">5120</td></tr></tbody>
<tbody id="t4"><tr><th colspan="4">Display Toast Message Test  &#8212; failed</th></tr><tr class="failedeven"><td rowspan="1">testcases.DisplayToastMessageTest</td><td><a href="#m7">tostMessage</a></td><td rowspan="1">1557107901442</td><td rowspan="1">5373</td></tr></tbody>
</table>
<h2>Enter Data in TextBox at HomePage Test</h2><h3 id="m0">testcases.EnterDataInTextBoxHomePageTest#enterDataInTextBoxATHomePage</h3><table class="result"><tr class="param"><th>Parameter #1</th></tr><tr class="param stripe"><td></td></tr><tr><th>Exception</th></tr><tr><td><div class="stacktrace">org.openqa.selenium.NoSuchElementException: An element could not be located on the page using the given search parameters. (WARNING: The server did not provide any stacktrace information)
Command duration or timeout: 5.25 seconds
For documentation on this error, please visit: http://seleniumhq.org/exceptions/no_such_element.html
Build info: version: &apos;2.53.1&apos;, revision: &apos;a36b8b1cd5757287168e54b817830adce9b0158d&apos;, time: &apos;2016-06-30 19:26:09&apos;
System info: host: &apos;GauravA-LPTP&apos;, ip: &apos;192.168.48.2&apos;, os.name: &apos;Windows 10&apos;, os.arch: &apos;amd64&apos;, os.version: &apos;10.0&apos;, java.version: &apos;1.8.0_201&apos;
Driver info: org.openqa.selenium.remote.RemoteWebDriver
Capabilities [{appPackage=io.selendroid.testapp, deviceScreenSize=720x1280, networkConnectionEnabled=true, warnings={}, databaseEnabled=false, deviceName=ZW222285ZK, platform=LINUX, deviceUDID=ZW222285ZK, appActivity=.HomeScreenActivity, desired={appPackage=io.selendroid.testapp, appActivity=.HomeScreenActivity, platformVersion=7.0, browserName=, platformName=Android, deviceName=ANDR_EMU}, platformVersion=7.0, webStorageEnabled=false, locationContextEnabled=false, takesScreenshot=true, browserName=, javascriptEnabled=true, deviceModel=Moto C Plus, platformName=Android, deviceManufacturer=motorola}]
Session ID: 8a6cffe2-1d97-4a7c-af3a-dcf92206467a
*** Element info: {Using=id, value=io.selendroid.testapp:id/my_text_field}
	at org.openqa.selenium.remote.ErrorHandler.createThrowable(ErrorHandler.java:206)
	at org.openqa.selenium.remote.ErrorHandler.throwIfResponseFailed(ErrorHandler.java:158)
	at org.openqa.selenium.remote.RemoteWebDriver.execute(RemoteWebDriver.java:678)
	at org.openqa.selenium.remote.RemoteWebDriver.findElement(RemoteWebDriver.java:363)
	at org.openqa.selenium.remote.RemoteWebDriver.findElementById(RemoteWebDriver.java:413)
	at org.openqa.selenium.By$ById.findElement(By.java:218)
	at org.openqa.selenium.remote.RemoteWebDriver.findElement(RemoteWebDriver.java:355)
	at testcases.EnterDataInTextBoxHomePageTest.enterDataInTextBoxATHomePage(EnterDataInTextBoxHomePageTest.java:17)
... Removed 29 stack frames</div></td></tr></table><p class="totop"><a href="#summary">back to summary</a></p>
<h3 id="m1">testcases.EnterDataInTextBoxHomePageTest#enterDataInTextBoxATHomePage</h3><table class="result"><tr class="param"><th>Parameter #1</th></tr><tr class="param stripe"><td></td></tr><tr><th>Exception</th></tr><tr><td><div class="stacktrace">org.openqa.selenium.NoSuchElementException: An element could not be located on the page using the given search parameters. (WARNING: The server did not provide any stacktrace information)
Command duration or timeout: 5.26 seconds
For documentation on this error, please visit: http://seleniumhq.org/exceptions/no_such_element.html
Build info: version: &apos;2.53.1&apos;, revision: &apos;a36b8b1cd5757287168e54b817830adce9b0158d&apos;, time: &apos;2016-06-30 19:26:09&apos;
System info: host: &apos;GauravA-LPTP&apos;, ip: &apos;192.168.48.2&apos;, os.name: &apos;Windows 10&apos;, os.arch: &apos;amd64&apos;, os.version: &apos;10.0&apos;, java.version: &apos;1.8.0_201&apos;
Driver info: org.openqa.selenium.remote.RemoteWebDriver
Capabilities [{appPackage=io.selendroid.testapp, deviceScreenSize=720x1280, networkConnectionEnabled=true, warnings={}, databaseEnabled=false, deviceName=ZW222285ZK, platform=LINUX, deviceUDID=ZW222285ZK, appActivity=.HomeScreenActivity, desired={appPackage=io.selendroid.testapp, appActivity=.HomeScreenActivity, platformVersion=7.0, browserName=, platformName=Android, deviceName=ANDR_EMU}, platformVersion=7.0, webStorageEnabled=false, locationContextEnabled=false, takesScreenshot=true, browserName=, javascriptEnabled=true, deviceModel=Moto C Plus, platformName=Android, deviceManufacturer=motorola}]
Session ID: 8a6cffe2-1d97-4a7c-af3a-dcf92206467a
*** Element info: {Using=id, value=io.selendroid.testapp:id/my_text_field}
	at org.openqa.selenium.remote.ErrorHandler.createThrowable(ErrorHandler.java:206)
	at org.openqa.selenium.remote.ErrorHandler.throwIfResponseFailed(ErrorHandler.java:158)
	at org.openqa.selenium.remote.RemoteWebDriver.execute(RemoteWebDriver.java:678)
	at org.openqa.selenium.remote.RemoteWebDriver.findElement(RemoteWebDriver.java:363)
	at org.openqa.selenium.remote.RemoteWebDriver.findElementById(RemoteWebDriver.java:413)
	at org.openqa.selenium.By$ById.findElement(By.java:218)
	at org.openqa.selenium.remote.RemoteWebDriver.findElement(RemoteWebDriver.java:355)
	at testcases.EnterDataInTextBoxHomePageTest.enterDataInTextBoxATHomePage(EnterDataInTextBoxHomePageTest.java:17)
... Removed 29 stack frames</div></td></tr></table><p class="totop"><a href="#summary">back to summary</a></p>
<h3 id="m2">testcases.EnterDataInTextBoxHomePageTest#enterDataInTextBoxATHomePage</h3><table class="result"><tr class="param"><th>Parameter #1</th></tr><tr class="param stripe"><td></td></tr><tr><th>Exception</th></tr><tr><td><div class="stacktrace">org.openqa.selenium.NoSuchElementException: An element could not be located on the page using the given search parameters. (WARNING: The server did not provide any stacktrace information)
Command duration or timeout: 5.22 seconds
For documentation on this error, please visit: http://seleniumhq.org/exceptions/no_such_element.html
Build info: version: &apos;2.53.1&apos;, revision: &apos;a36b8b1cd5757287168e54b817830adce9b0158d&apos;, time: &apos;2016-06-30 19:26:09&apos;
System info: host: &apos;GauravA-LPTP&apos;, ip: &apos;192.168.48.2&apos;, os.name: &apos;Windows 10&apos;, os.arch: &apos;amd64&apos;, os.version: &apos;10.0&apos;, java.version: &apos;1.8.0_201&apos;
Driver info: org.openqa.selenium.remote.RemoteWebDriver
Capabilities [{appPackage=io.selendroid.testapp, deviceScreenSize=720x1280, networkConnectionEnabled=true, warnings={}, databaseEnabled=false, deviceName=ZW222285ZK, platform=LINUX, deviceUDID=ZW222285ZK, appActivity=.HomeScreenActivity, desired={appPackage=io.selendroid.testapp, appActivity=.HomeScreenActivity, platformVersion=7.0, browserName=, platformName=Android, deviceName=ANDR_EMU}, platformVersion=7.0, webStorageEnabled=false, locationContextEnabled=false, takesScreenshot=true, browserName=, javascriptEnabled=true, deviceModel=Moto C Plus, platformName=Android, deviceManufacturer=motorola}]
Session ID: 8a6cffe2-1d97-4a7c-af3a-dcf92206467a
*** Element info: {Using=id, value=io.selendroid.testapp:id/my_text_field}
	at org.openqa.selenium.remote.ErrorHandler.createThrowable(ErrorHandler.java:206)
	at org.openqa.selenium.remote.ErrorHandler.throwIfResponseFailed(ErrorHandler.java:158)
	at org.openqa.selenium.remote.RemoteWebDriver.execute(RemoteWebDriver.java:678)
	at org.openqa.selenium.remote.RemoteWebDriver.findElement(RemoteWebDriver.java:363)
	at org.openqa.selenium.remote.RemoteWebDriver.findElementById(RemoteWebDriver.java:413)
	at org.openqa.selenium.By$ById.findElement(By.java:218)
	at org.openqa.selenium.remote.RemoteWebDriver.findElement(RemoteWebDriver.java:355)
	at testcases.EnterDataInTextBoxHomePageTest.enterDataInTextBoxATHomePage(EnterDataInTextBoxHomePageTest.java:17)
... Removed 29 stack frames</div></td></tr></table><p class="totop"><a href="#summary">back to summary</a></p>
<h3 id="m3">testcases.EnterDataInTextBoxHomePageTest#enterDataInTextBoxATHomePage</h3><table class="result"><tr class="param"><th>Parameter #1</th></tr><tr class="param stripe"><td>Welcome Gaurav Agarwal</td></tr></table><p class="totop"><a href="#summary">back to summary</a></p>
<h2>New User Registration Test</h2><h3 id="m4">testcases.NewUserRegistrationTest#newUsrReg</h3><table class="result"><tr class="param"><th>Parameter #1</th><th>Parameter #2</th><th>Parameter #3</th><th>Parameter #4</th></tr><tr class="param stripe"><td>gaurav.agarwal</td><td>gaurav.agarwalvi@gmail.com</td><td>testAccount</td><td>MR. Gaurav Agarwal</td></tr><tr><th colspan="4">Exception</th></tr><tr><td colspan="4"><div class="stacktrace">org.openqa.selenium.NoSuchElementException: An element could not be located on the page using the given search parameters. (WARNING: The server did not provide any stacktrace information)
Command duration or timeout: 5.46 seconds
For documentation on this error, please visit: http://seleniumhq.org/exceptions/no_such_element.html
Build info: version: &apos;2.53.1&apos;, revision: &apos;a36b8b1cd5757287168e54b817830adce9b0158d&apos;, time: &apos;2016-06-30 19:26:09&apos;
System info: host: &apos;GauravA-LPTP&apos;, ip: &apos;192.168.48.2&apos;, os.name: &apos;Windows 10&apos;, os.arch: &apos;amd64&apos;, os.version: &apos;10.0&apos;, java.version: &apos;1.8.0_201&apos;
Driver info: org.openqa.selenium.remote.RemoteWebDriver
Capabilities [{appPackage=io.selendroid.testapp, deviceScreenSize=720x1280, networkConnectionEnabled=true, warnings={}, databaseEnabled=false, deviceName=ZW222285ZK, platform=LINUX, deviceUDID=ZW222285ZK, appActivity=.HomeScreenActivity, desired={appPackage=io.selendroid.testapp, appActivity=.HomeScreenActivity, platformVersion=7.0, browserName=, platformName=Android, deviceName=ANDR_EMU}, platformVersion=7.0, webStorageEnabled=false, locationContextEnabled=false, takesScreenshot=true, browserName=, javascriptEnabled=true, deviceModel=Moto C Plus, platformName=Android, deviceManufacturer=motorola}]
Session ID: 8a6cffe2-1d97-4a7c-af3a-dcf92206467a
*** Element info: {Using=id, value=io.selendroid.testapp:id/label_name_data}
	at org.openqa.selenium.remote.ErrorHandler.createThrowable(ErrorHandler.java:206)
	at org.openqa.selenium.remote.ErrorHandler.throwIfResponseFailed(ErrorHandler.java:158)
	at org.openqa.selenium.remote.RemoteWebDriver.execute(RemoteWebDriver.java:678)
	at org.openqa.selenium.remote.RemoteWebDriver.findElement(RemoteWebDriver.java:363)
	at org.openqa.selenium.remote.RemoteWebDriver.findElementById(RemoteWebDriver.java:413)
	at org.openqa.selenium.By$ById.findElement(By.java:218)
	at org.openqa.selenium.remote.RemoteWebDriver.findElement(RemoteWebDriver.java:355)
	at testcases.NewUserRegistrationTest.newUsrReg(NewUserRegistrationTest.java:26)
... Removed 29 stack frames</div></td></tr></table><p class="totop"><a href="#summary">back to summary</a></p>
<h2>New User Registratered successfully Test </h2><h3 id="m5">testcases.RegisterConfirmedTest#regConfirm</h3><table class="result"><tr><th>Exception</th></tr><tr><td><div class="stacktrace">org.openqa.selenium.NoSuchElementException: An element could not be located on the page using the given search parameters. (WARNING: The server did not provide any stacktrace information)
Command duration or timeout: 5.30 seconds
For documentation on this error, please visit: http://seleniumhq.org/exceptions/no_such_element.html
Build info: version: &apos;2.53.1&apos;, revision: &apos;a36b8b1cd5757287168e54b817830adce9b0158d&apos;, time: &apos;2016-06-30 19:26:09&apos;
System info: host: &apos;GauravA-LPTP&apos;, ip: &apos;192.168.48.2&apos;, os.name: &apos;Windows 10&apos;, os.arch: &apos;amd64&apos;, os.version: &apos;10.0&apos;, java.version: &apos;1.8.0_201&apos;
Driver info: org.openqa.selenium.remote.RemoteWebDriver
Capabilities [{appPackage=io.selendroid.testapp, deviceScreenSize=720x1280, networkConnectionEnabled=true, warnings={}, databaseEnabled=false, deviceName=ZW222285ZK, platform=LINUX, deviceUDID=ZW222285ZK, appActivity=.HomeScreenActivity, desired={appPackage=io.selendroid.testapp, appActivity=.HomeScreenActivity, platformVersion=7.0, browserName=, platformName=Android, deviceName=ANDR_EMU}, platformVersion=7.0, webStorageEnabled=false, locationContextEnabled=false, takesScreenshot=true, browserName=, javascriptEnabled=true, deviceModel=Moto C Plus, platformName=Android, deviceManufacturer=motorola}]
Session ID: 8a6cffe2-1d97-4a7c-af3a-dcf92206467a
*** Element info: {Using=id, value=io.selendroid.testapp:id/label_name_data}
	at org.openqa.selenium.remote.ErrorHandler.createThrowable(ErrorHandler.java:206)
	at org.openqa.selenium.remote.ErrorHandler.throwIfResponseFailed(ErrorHandler.java:158)
	at org.openqa.selenium.remote.RemoteWebDriver.execute(RemoteWebDriver.java:678)
	at org.openqa.selenium.remote.RemoteWebDriver.findElement(RemoteWebDriver.java:363)
	at org.openqa.selenium.remote.RemoteWebDriver.findElementById(RemoteWebDriver.java:413)
	at org.openqa.selenium.By$ById.findElement(By.java:218)
	at org.openqa.selenium.remote.RemoteWebDriver.findElement(RemoteWebDriver.java:355)
	at testcases.RegisterConfirmedTest.regConfirm(RegisterConfirmedTest.java:13)
... Removed 29 stack frames</div></td></tr></table><p class="totop"><a href="#summary">back to summary</a></p>
<h2>Display Popup window Test </h2><h3 id="m6">testcases.DisplayPopupTest#clicks_on_Display_Popup_button</h3><table class="result"><tr><th>Exception</th></tr><tr><td><div class="stacktrace">org.openqa.selenium.NoSuchElementException: An element could not be located on the page using the given search parameters. (WARNING: The server did not provide any stacktrace information)
Command duration or timeout: 5.11 seconds
For documentation on this error, please visit: http://seleniumhq.org/exceptions/no_such_element.html
Build info: version: &apos;2.53.1&apos;, revision: &apos;a36b8b1cd5757287168e54b817830adce9b0158d&apos;, time: &apos;2016-06-30 19:26:09&apos;
System info: host: &apos;GauravA-LPTP&apos;, ip: &apos;192.168.48.2&apos;, os.name: &apos;Windows 10&apos;, os.arch: &apos;amd64&apos;, os.version: &apos;10.0&apos;, java.version: &apos;1.8.0_201&apos;
Driver info: org.openqa.selenium.remote.RemoteWebDriver
Capabilities [{appPackage=io.selendroid.testapp, deviceScreenSize=720x1280, networkConnectionEnabled=true, warnings={}, databaseEnabled=false, deviceName=ZW222285ZK, platform=LINUX, deviceUDID=ZW222285ZK, appActivity=.HomeScreenActivity, desired={appPackage=io.selendroid.testapp, appActivity=.HomeScreenActivity, platformVersion=7.0, browserName=, platformName=Android, deviceName=ANDR_EMU}, platformVersion=7.0, webStorageEnabled=false, locationContextEnabled=false, takesScreenshot=true, browserName=, javascriptEnabled=true, deviceModel=Moto C Plus, platformName=Android, deviceManufacturer=motorola}]
Session ID: 8a6cffe2-1d97-4a7c-af3a-dcf92206467a
*** Element info: {Using=id, value=io.selendroid.testapp:id/showPopupWindowButton}
	at org.openqa.selenium.remote.ErrorHandler.createThrowable(ErrorHandler.java:206)
	at org.openqa.selenium.remote.ErrorHandler.throwIfResponseFailed(ErrorHandler.java:158)
	at org.openqa.selenium.remote.RemoteWebDriver.execute(RemoteWebDriver.java:678)
	at org.openqa.selenium.remote.RemoteWebDriver.findElement(RemoteWebDriver.java:363)
	at org.openqa.selenium.remote.RemoteWebDriver.findElementById(RemoteWebDriver.java:413)
	at org.openqa.selenium.By$ById.findElement(By.java:218)
	at org.openqa.selenium.remote.RemoteWebDriver.findElement(RemoteWebDriver.java:355)
	at testcases.DisplayPopupTest.clicks_on_Display_Popup_button(DisplayPopupTest.java:13)
... Removed 29 stack frames</div></td></tr></table><p class="totop"><a href="#summary">back to summary</a></p>
<h2>Display Toast Message Test </h2><h3 id="m7">testcases.DisplayToastMessageTest#tostMessage</h3><table class="result"><tr><th>Exception</th></tr><tr><td><div class="stacktrace">org.openqa.selenium.NoSuchElementException: An element could not be located on the page using the given search parameters. (WARNING: The server did not provide any stacktrace information)
Command duration or timeout: 5.37 seconds
For documentation on this error, please visit: http://seleniumhq.org/exceptions/no_such_element.html
Build info: version: &apos;2.53.1&apos;, revision: &apos;a36b8b1cd5757287168e54b817830adce9b0158d&apos;, time: &apos;2016-06-30 19:26:09&apos;
System info: host: &apos;GauravA-LPTP&apos;, ip: &apos;192.168.48.2&apos;, os.name: &apos;Windows 10&apos;, os.arch: &apos;amd64&apos;, os.version: &apos;10.0&apos;, java.version: &apos;1.8.0_201&apos;
Driver info: org.openqa.selenium.remote.RemoteWebDriver
Capabilities [{appPackage=io.selendroid.testapp, deviceScreenSize=720x1280, networkConnectionEnabled=true, warnings={}, databaseEnabled=false, deviceName=ZW222285ZK, platform=LINUX, deviceUDID=ZW222285ZK, appActivity=.HomeScreenActivity, desired={appPackage=io.selendroid.testapp, appActivity=.HomeScreenActivity, platformVersion=7.0, browserName=, platformName=Android, deviceName=ANDR_EMU}, platformVersion=7.0, webStorageEnabled=false, locationContextEnabled=false, takesScreenshot=true, browserName=, javascriptEnabled=true, deviceModel=Moto C Plus, platformName=Android, deviceManufacturer=motorola}]
Session ID: 8a6cffe2-1d97-4a7c-af3a-dcf92206467a
*** Element info: {Using=id, value=io.selendroid.testapp:id/showToastButton}
	at org.openqa.selenium.remote.ErrorHandler.createThrowable(ErrorHandler.java:206)
	at org.openqa.selenium.remote.ErrorHandler.throwIfResponseFailed(ErrorHandler.java:158)
	at org.openqa.selenium.remote.RemoteWebDriver.execute(RemoteWebDriver.java:678)
	at org.openqa.selenium.remote.RemoteWebDriver.findElement(RemoteWebDriver.java:363)
	at org.openqa.selenium.remote.RemoteWebDriver.findElementById(RemoteWebDriver.java:413)
	at org.openqa.selenium.By$ById.findElement(By.java:218)
	at org.openqa.selenium.remote.RemoteWebDriver.findElement(RemoteWebDriver.java:355)
	at testcases.DisplayToastMessageTest.tostMessage(DisplayToastMessageTest.java:13)
... Removed 29 stack frames</div></td></tr></table><p class="totop"><a href="#summary">back to summary</a></p>
</body>
</html>
